<?xml version="1.0" encoding="UTF-8" ?>
<testsuite errors="0" failures="1" hostname="einstein.local" name="quiz.meal.simple.HardCodeOrderMakerTest" tests="5" time="0.317" timestamp="2009-04-25T01:13:55">
  <properties>
    <property name="java.vendor" value="Apple Inc." />
    <property name="sun.java.launcher" value="SUN_STANDARD" />
    <property name="jikes.class.path" value=":/System/Library/Frameworks/JavaVM.framework/Versions/1.6.0/Home/../Classes/charsets.jar:/System/Library/Frameworks/JavaVM.framework/Versions/1.6.0/Home/../Classes/classes.jar:/System/Library/Frameworks/JavaVM.framework/Versions/1.6.0/Home/../Classes/dt.jar:/System/Library/Frameworks/JavaVM.framework/Versions/1.6.0/Home/../Classes/jce.jar:/System/Library/Frameworks/JavaVM.framework/Versions/1.6.0/Home/../Classes/jconsole.jar:/System/Library/Frameworks/JavaVM.framework/Versions/1.6.0/Home/../Classes/jsse.jar:/System/Library/Frameworks/JavaVM.framework/Versions/1.6.0/Home/../Classes/laf.jar:/System/Library/Frameworks/JavaVM.framework/Versions/1.6.0/Home/../Classes/management-agent.jar:/System/Library/Frameworks/JavaVM.framework/Versions/1.6.0/Home/../Classes/ui.jar" />
    <property name="sun.management.compiler" value="HotSpot 64-Bit Server Compiler" />
    <property name="env.SECURITYSESSIONID" value="b085e0" />
    <property name="os.name" value="Mac OS X" />
    <property name="sun.boot.class.path" value="/System/Library/Frameworks/JavaVM.framework/Versions/1.6.0/Classes/classes.jar:/System/Library/Frameworks/JavaVM.framework/Versions/1.6.0/Classes/ui.jar:/System/Library/Frameworks/JavaVM.framework/Versions/1.6.0/Classes/laf.jar:/System/Library/Frameworks/JavaVM.framework/Versions/1.6.0/Classes/sunrsasign.jar:/System/Library/Frameworks/JavaVM.framework/Versions/1.6.0/Classes/jsse.jar:/System/Library/Frameworks/JavaVM.framework/Versions/1.6.0/Classes/jce.jar:/System/Library/Frameworks/JavaVM.framework/Versions/1.6.0/Classes/charsets.jar" />
    <property name="env.TMPDIR" value="/var/folders/hA/hANhs7mGEfaoWH-HIS74Bk+++TI/-Tmp-/" />
    <property name="env.PWD" value="/Users/siuying/Documents/workspace/quiz1" />
    <property name="env.LANG" value="zh_HK.UTF-8" />
    <property name="java.vm.specification.vendor" value="Sun Microsystems Inc." />
    <property name="ant.home" value="/usr/share/ant" />
    <property name="java.runtime.version" value="1.6.0_07-b06-153" />
    <property name="env.Apple_PubSub_Socket_Render" value="/tmp/launch-9Gp8Wy/Render" />
    <property name="env.DISPLAY" value="/tmp/launch-gezPyR/:0" />
    <property name="user.name" value="siuying" />
    <property name="env.USER" value="siuying" />
    <property name="env.SHELL" value="/bin/bash" />
    <property name="env.__CF_USER_TEXT_ENCODING" value="0x1F5:2:53" />
    <property name="awt.nativeDoubleBuffering" value="true" />
    <property name="env.PATH" value="/Users/siuying/Documents/workspace/appengine-java-sdk-1.2.0/bin:/Applications/Shoes.app/Contents/MacOS:/usr/local/pgsql/bin:/Applications/jboss/jboss-seam:/usr/maven-2.0.7/bin:/System/Library/Frameworks/JavaVM.framework/Versions/1.6.0/Home/bin:/opt/local/bin:/opt/local/sbin:/usr/local/bin:/Applications/glassfish/bin:/Users/siuying/Dropbox/Software/jruby-1.2.0/bin:/usr/local/pgsql/bin:/Applications/jboss/jboss-seam:/usr/maven-2.0.7/bin:/Applications/OpenLaszlo Server 4.0.0/bin:/opt/local/bin:/opt/local/sbin:/usr/local/bin:/sw/bin:/sw/sbin:/opt/local/bin:/usr/bin:/bin:/usr/sbin:/sbin:/usr/local/bin:/usr/X11/bin:/usr/X11R6/bin:/Users/siuying/.gem/ruby/1.8/bin" />
    <property name="user.language" value="zh" />
    <property name="sun.boot.library.path" value="/System/Library/Frameworks/JavaVM.framework/Versions/1.6.0/Libraries" />
    <property name="env.JAVA_MAIN_CLASS_8596" value="org.apache.tools.ant.launch.Launcher" />
    <property name="ant.project.name" value="JavaQuiz1" />
    <property name="java.version" value="1.6.0_07" />
    <property name="user.timezone" value="" />
    <property name="sun.arch.data.model" value="64" />
    <property name="env.SSH_AGENT_PID" value="84" />
    <property name="java.endorsed.dirs" value="/System/Library/Frameworks/JavaVM.framework/Versions/1.6.0/Home/lib/endorsed" />
    <property name="sun.cpu.isalist" value="" />
    <property name="sun.jnu.encoding" value="Big5" />
    <property name="file.encoding.pkg" value="sun.io" />
    <property name="env.SHLVL" value="1" />
    <property name="file.separator" value="/" />
    <property name="java.specification.name" value="Java Platform API Specification" />
    <property name="java.class.version" value="50.0" />
    <property name="user.country" value="TW" />
    <property name="java.home" value="/System/Library/Frameworks/JavaVM.framework/Versions/1.6.0/Home" />
    <property name="java.vm.info" value="mixed mode" />
    <property name="env.XML_CATALOG_FILES" value="/sw/etc/xml/catalog" />
    <property name="env.LOGNAME" value="siuying" />
    <property name="ant.file" value="/Users/siuying/Documents/workspace/quiz1/build.xml" />
    <property name="os.version" value="10.5.6" />
    <property name="env.TERM_PROGRAM_VERSION" value="240" />
    <property name="path.separator" value=":" />
    <property name="java.vm.version" value="1.6.0_07-b06-57" />
    <property name="ant.library.dir" value="/usr/share/ant/lib" />
    <property name="junit.output.dir" value="tests" />
    <property name="env.JAVA_HOME" value="/System/Library/Frameworks/JavaVM.framework/Versions/1.6.0/Home" />
    <property name="java.awt.printerjob" value="apple.awt.CPrinterJob" />
    <property name="env.TERM" value="xterm-color" />
    <property name="sun.io.unicode.encoding" value="UnicodeLittle" />
    <property name="awt.toolkit" value="apple.awt.CToolkit" />
    <property name="env.MANPATH" value="/opt/local/share/man:/sw/share/man:/usr/share/man:/usr/local/share/man:/usr/X11/man:/sw/lib/perl5/5.8.8/man:/usr/X11R6/man" />
    <property name="user.home" value="/Users/siuying" />
    <property name="target" value="1.6" />
    <property name="java.specification.vendor" value="Sun Microsystems Inc." />
    <property name="env.TERM_PROGRAM" value="Apple_Terminal" />
    <property name="java.library.path" value=".:/Library/Java/Extensions:/System/Library/Java/Extensions:/usr/lib/java" />
    <property name="java.vendor.url" value="http://www.apple.com/" />
    <property name="java.vm.vendor" value="Apple Inc." />
    <property name="gopherProxySet" value="false" />
    <property name="java.runtime.name" value="Java(TM) SE Runtime Environment" />
    <property name="java.class.path" value="/Users/siuying/Documents/workspace/quiz1/bin:/Users/siuying/Documents/workspace/quiz1/lib/commons-lang.jar:/Users/siuying/Documents/workspace/quiz1/lib/commons-logging.jar:/Users/siuying/Documents/workspace/quiz1/lib/commons-math.jar:/Users/siuying/Documents/workspace/quiz1/lib/commons-pool.jar:/Users/siuying/Documents/workspace/quiz1/lib/commons-primitives.jar:/Users/siuying/Documents/workspace/quiz1/lib/csp_api_1-0.jar:/Users/siuying/Documents/workspace/quiz1/lib/csp_spi_1-0.jar:/Users/siuying/Documents/workspace/quiz1/lib/junit.jar:/Users/siuying/Documents/workspace/quiz1/lib/jyaml-1.3.jar:/Users/siuying/Documents/workspace/quiz1/lib/log4j-1.2.12.jar:/Users/siuying/Documents/workspace/quiz1/lib/log4j.jar:/usr/share/ant/lib/ant-launcher.jar:/usr/share/ant/lib/ant.jar:/usr/share/ant/lib/ant-junit.jar" />
    <property name="ant.version" value="Apache Ant version 1.7.0 compiled on August 25 2008" />
    <property name="env.PGDATA" value="/Users/siuying/Library/Postgres" />
    <property name="java.vm.specification.name" value="Java Virtual Machine Specification" />
    <property name="java.vm.specification.version" value="1.0" />
    <property name="sun.cpu.endian" value="little" />
    <property name="sun.os.patch.level" value="unknown" />
    <property name="env.HOME" value="/Users/siuying" />
    <property name="debuglevel" value="source,lines,vars" />
    <property name="java.io.tmpdir" value="/tmp" />
    <property name="java.vendor.url.bug" value="http://bugreport.apple.com/" />
    <property name="env.SSH_AUTH_SOCK" value="/tmp/ssh-ZdWmudrGaY/agent.82" />
    <property name="ant.file.JavaQuiz1" value="/Users/siuying/Documents/workspace/quiz1/build.xml" />
    <property name="env.COMMAND_MODE" value="unix2003" />
    <property name="java.awt.graphicsenv" value="apple.awt.CGraphicsEnvironment" />
    <property name="os.arch" value="x86_64" />
    <property name="java.ext.dirs" value="/Library/Java/Extensions:/System/Library/Java/Extensions:/System/Library/Frameworks/JavaVM.framework/Versions/1.6.0/Home/lib/ext" />
    <property name="env.PERL5LIB" value="/sw/lib/perl5:/sw/lib/perl5/darwin" />
    <property name="user.dir" value="/Users/siuying/Documents/workspace/quiz1" />
    <property name="mrj.version" value="1040.1.6.0_07-153" />
    <property name="env.INFOPATH" value="/sw/share/info:/sw/info:/usr/share/info" />
    <property name="line.separator" value="
" />
    <property name="java.vm.name" value="Java HotSpot(TM) 64-Bit Server VM" />
    <property name="basedir" value="/Users/siuying/Documents/workspace/quiz1" />
    <property name="ant.java.version" value="1.6" />
    <property name="env.SGML_CATALOG_FILES" value="/sw/etc/sgml/catalog" />
    <property name="ant.core.lib" value="/usr/share/ant/lib/ant.jar" />
    <property name="source" value="1.6" />
    <property name="file.encoding" value="Big5" />
    <property name="java.specification.version" value="1.6" />
    <property name="env.JRUBY_HOME" value="/Users/siuying/Dropbox/Software/jruby-1.2.0" />
  </properties>
  <testcase classname="quiz.meal.simple.HardCodeOrderMakerTest" name="testSimpleOrder" time="0.086" />
  <testcase classname="quiz.meal.simple.HardCodeOrderMakerTest" name="testOrderWithMeal" time="0.029" />
  <testcase classname="quiz.meal.simple.HardCodeOrderMakerTest" name="testChooseCheapMeal" time="0.024" />
  <testcase classname="quiz.meal.simple.HardCodeOrderMakerTest" name="testChickenMeal" time="0.039">
    <failure message="not minimum price for [Food(脆香雞翼 (4件),14.00), Food(麥樂雞 (6件),12.80), Food(中薯條,8.80), Food(中可樂,8.50), Food(中薯條,8.80), Food(中可樂,8.50)] expected:&lt;49.6&gt; but was:&lt;61.400000000000006&gt;" type="junit.framework.AssertionFailedError">junit.framework.AssertionFailedError: not minimum price for [Food(脆香雞翼 (4件),14.00), Food(麥樂雞 (6件),12.80), Food(中薯條,8.80), Food(中可樂,8.50), Food(中薯條,8.80), Food(中可樂,8.50)] expected:&lt;49.6&gt; but was:&lt;61.400000000000006&gt;
	at quiz.meal.AbstractOrderMakerTest.baseOrderTest(AbstractOrderMakerTest.java:76)
	at quiz.meal.AbstractOrderMakerTest.testChickenMeal(AbstractOrderMakerTest.java:55)
</failure>
  </testcase>
  <testcase classname="quiz.meal.simple.HardCodeOrderMakerTest" name="testOrders" time="0.056" />
  <system-out><![CDATA[]]></system-out>
  <system-err><![CDATA[2009/4/25 上午 09:13:55 quiz.meal.AbstractOrderMakerTest baseOrderTest
資訊: testing [Food(至尊漢堡,16.80)]
2009/4/25 上午 09:13:55 quiz.meal.AbstractOrderMakerTest baseOrderTest
資訊:    expects: [Food(至尊漢堡,16.80)]
2009/4/25 上午 09:13:55 quiz.meal.AbstractOrderMakerTest baseOrderTest
資訊:    result:  [Food(至尊漢堡,16.80)]
2009/4/25 上午 09:13:55 quiz.meal.AbstractOrderMakerTest baseOrderTest
資訊: testing [Food(雙層芝士孖堡,12.50), Food(中薯條,8.80), Food(中可樂,8.50)]
2009/4/25 上午 09:13:55 quiz.meal.AbstractOrderMakerTest baseOrderTest
資訊:    expects: [Meal(雙層芝士孖堡套餐,23.80)]
2009/4/25 上午 09:13:55 quiz.meal.AbstractOrderMakerTest baseOrderTest
資訊:    result:  [Meal(雙層芝士孖堡套餐,23.80)]
2009/4/25 上午 09:13:55 quiz.meal.AbstractOrderMakerTest baseOrderTest
資訊: testing [Food(雙層芝士孖堡,12.50), Food(至尊漢堡,16.80), Food(中薯條,8.80), Food(中可樂,8.50)]
2009/4/25 上午 09:13:55 quiz.meal.AbstractOrderMakerTest baseOrderTest
資訊:    expects: [Food(雙層芝士孖堡,12.50), Meal(至尊漢堡套餐,26.60)]
2009/4/25 上午 09:13:55 quiz.meal.AbstractOrderMakerTest baseOrderTest
資訊:    result:  [Food(雙層芝士孖堡,12.50), Meal(至尊漢堡套餐,26.60)]
2009/4/25 上午 09:13:55 quiz.meal.AbstractOrderMakerTest baseOrderTest
資訊: testing [Food(脆香雞翼 (4件),14.00), Food(麥樂雞 (6件),12.80), Food(中薯條,8.80), Food(中可樂,8.50), Food(中薯條,8.80), Food(中可樂,8.50)]
2009/4/25 上午 09:13:55 quiz.meal.AbstractOrderMakerTest baseOrderTest
資訊:    expects: [Meal(麥樂雞 (6件) 套餐,24.80), Meal(脆香雞翼套餐,24.80)]
2009/4/25 上午 09:13:55 quiz.meal.AbstractOrderMakerTest baseOrderTest
資訊:    result:  [Food(脆香雞翼 (4件),14.00), Food(麥樂雞 (6件),12.80), Food(中薯條,8.80), Food(中可樂,8.50), Food(中薯條,8.80), Food(中可樂,8.50)]
2009/4/25 上午 09:13:55 quiz.meal.AbstractOrderMakerTest baseOrderTest
資訊: testing [Food(雙層芝士孖堡,12.50), Food(中薯條,8.80), Food(中可樂,8.50), Food(至尊漢堡,16.80), Food(中薯條,8.80), Food(中可樂,8.50)]
2009/4/25 上午 09:13:55 quiz.meal.AbstractOrderMakerTest baseOrderTest
資訊:    expects: [Meal(雙層芝士孖堡套餐,23.80), Meal(至尊漢堡套餐,26.60)]
2009/4/25 上午 09:13:55 quiz.meal.AbstractOrderMakerTest baseOrderTest
資訊:    result:  [Meal(雙層芝士孖堡套餐,23.80), Meal(至尊漢堡套餐,26.60)]
2009/4/25 上午 09:13:55 quiz.meal.AbstractOrderMakerTest baseOrderTest
資訊: testing [Food(雙層芝士孖堡,12.50), Food(中薯條,8.80), Food(至尊漢堡,16.80), Food(中薯條,8.80), Food(中可樂,8.50)]
2009/4/25 上午 09:13:55 quiz.meal.AbstractOrderMakerTest baseOrderTest
資訊:    expects: [Meal(至尊漢堡套餐,26.60), Food(中薯條,8.80), Food(雙層芝士孖堡,12.50)]
2009/4/25 上午 09:13:55 quiz.meal.AbstractOrderMakerTest baseOrderTest
資訊:    result:  [Meal(至尊漢堡套餐,26.60), Food(中薯條,8.80), Food(雙層芝士孖堡,12.50)]
2009/4/25 上午 09:13:55 quiz.meal.AbstractOrderMakerTest baseOrderTest
資訊: testing [Food(雙層芝士孖堡,12.50), Food(雙層芝士孖堡,12.50), Food(雙層芝士孖堡,12.50), Food(中薯條,8.80), Food(中可樂,8.50)]
2009/4/25 上午 09:13:55 quiz.meal.AbstractOrderMakerTest baseOrderTest
資訊:    expects: [Food(雙層芝士孖堡,12.50), Food(雙層芝士孖堡,12.50), Meal(雙層芝士孖堡套餐,23.80)]
2009/4/25 上午 09:13:55 quiz.meal.AbstractOrderMakerTest baseOrderTest
資訊:    result:  [Food(雙層芝士孖堡,12.50), Food(雙層芝士孖堡,12.50), Meal(雙層芝士孖堡套餐,23.80)]
]]></system-err>
</testsuite>
